[debug] [2025-12-29T23:11:35.952Z] ----------------------------------------------------------------------
[debug] [2025-12-29T23:11:35.954Z] Command:       C:\nvm4w\nodejs\node.exe C:\nvm4w\nodejs\node_modules\firebase-tools\lib\bin\firebase.js deploy --only firestore:indexes
[debug] [2025-12-29T23:11:35.954Z] CLI Version:   13.35.1
[debug] [2025-12-29T23:11:35.955Z] Platform:      win32
[debug] [2025-12-29T23:11:35.955Z] Node Version:  v18.20.8
[debug] [2025-12-29T23:11:35.956Z] Time:          Tue Dec 30 2025 10:11:35 GMT+1100 (Australian Eastern Daylight Time)
[debug] [2025-12-29T23:11:35.956Z] ----------------------------------------------------------------------
[debug] 
[debug] [2025-12-29T23:11:36.167Z] > command requires scopes: ["email","openid","https://www.googleapis.com/auth/cloudplatformprojects.readonly","https://www.googleapis.com/auth/firebase","https://www.googleapis.com/auth/cloud-platform"]
[debug] [2025-12-29T23:11:36.167Z] > authorizing via signed-in user (shrijan.bhandari1318@gmail.com)
[debug] [2025-12-29T23:11:36.167Z] [iam] checking project carpoolconnect1-0 for permissions ["datastore.indexes.create","datastore.indexes.delete","datastore.indexes.list","datastore.indexes.update","firebase.projects.get"]
[debug] [2025-12-29T23:11:36.169Z] Checked if tokens are valid: true, expires at: 1767052827222
[debug] [2025-12-29T23:11:36.169Z] Checked if tokens are valid: true, expires at: 1767052827222
[debug] [2025-12-29T23:11:36.170Z] >>> [apiv2][query] POST https://cloudresourcemanager.googleapis.com/v1/projects/carpoolconnect1-0:testIamPermissions [none]
[debug] [2025-12-29T23:11:36.170Z] >>> [apiv2][(partial)header] POST https://cloudresourcemanager.googleapis.com/v1/projects/carpoolconnect1-0:testIamPermissions x-goog-quota-user=projects/carpoolconnect1-0
[debug] [2025-12-29T23:11:36.170Z] >>> [apiv2][body] POST https://cloudresourcemanager.googleapis.com/v1/projects/carpoolconnect1-0:testIamPermissions {"permissions":["datastore.indexes.create","datastore.indexes.delete","datastore.indexes.list","datastore.indexes.update","firebase.projects.get"]}
[debug] [2025-12-29T23:11:36.600Z] <<< [apiv2][status] POST https://cloudresourcemanager.googleapis.com/v1/projects/carpoolconnect1-0:testIamPermissions 200
[debug] [2025-12-29T23:11:36.600Z] <<< [apiv2][body] POST https://cloudresourcemanager.googleapis.com/v1/projects/carpoolconnect1-0:testIamPermissions {"permissions":["datastore.indexes.create","datastore.indexes.delete","datastore.indexes.list","datastore.indexes.update","firebase.projects.get"]}
[info] 
[info] === Deploying to 'carpoolconnect1-0'...
[info] 
[info] i  deploying firestore 
[info] i  firestore: reading indexes from firestore.indexes.json... 
[info] i  cloud.firestore: checking firestore.rules for compilation errors... 
[debug] [2025-12-29T23:11:36.637Z] Checked if tokens are valid: true, expires at: 1767052827222
[debug] [2025-12-29T23:11:36.637Z] Checked if tokens are valid: true, expires at: 1767052827222
[debug] [2025-12-29T23:11:36.637Z] >>> [apiv2][query] POST https://firebaserules.googleapis.com/v1/projects/carpoolconnect1-0:test [none]
[debug] [2025-12-29T23:11:36.637Z] >>> [apiv2][body] POST https://firebaserules.googleapis.com/v1/projects/carpoolconnect1-0:test [omitted]
[debug] [2025-12-29T23:11:38.260Z] <<< [apiv2][status] POST https://firebaserules.googleapis.com/v1/projects/carpoolconnect1-0:test 200
[debug] [2025-12-29T23:11:38.260Z] <<< [apiv2][body] POST https://firebaserules.googleapis.com/v1/projects/carpoolconnect1-0:test {"issues":[{"sourcePosition":{"fileName":"firestore.rules","line":227,"column":41,"currentOffset":11082,"endOffset":11089},"description":"Invalid variable name: database.","severity":"WARNING"},{"sourcePosition":{"fileName":"firestore.rules","line":228,"column":61,"currentOffset":11234,"endOffset":11241},"description":"Invalid variable name: database.","severity":"WARNING"}]}
[warn] !  [W] 227:41 - Invalid variable name: database. 
[warn] !  [W] 228:61 - Invalid variable name: database. 
[info] +  cloud.firestore: rules file firestore.rules compiled successfully 
[info] i  firestore: deploying indexes... 
[debug] [2025-12-29T23:11:38.262Z] Checked if tokens are valid: true, expires at: 1767052827222
[debug] [2025-12-29T23:11:38.262Z] Checked if tokens are valid: true, expires at: 1767052827222
[debug] [2025-12-29T23:11:38.262Z] >>> [apiv2][query] GET https://firestore.googleapis.com/v1/projects/carpoolconnect1-0/databases/(default)/collectionGroups/-/indexes [none]
[debug] [2025-12-29T23:11:38.586Z] <<< [apiv2][status] GET https://firestore.googleapis.com/v1/projects/carpoolconnect1-0/databases/(default)/collectionGroups/-/indexes 200
[debug] [2025-12-29T23:11:38.587Z] <<< [apiv2][body] GET https://firestore.googleapis.com/v1/projects/carpoolconnect1-0/databases/(default)/collectionGroups/-/indexes {"indexes":[{"name":"projects/carpoolconnect1-0/databases/(default)/collectionGroups/deliveries/indexes/CICAgNiryokJ","queryScope":"COLLECTION","fields":[{"fieldPath":"status","order":"ASCENDING"},{"fieldPath":"createdAt","order":"DESCENDING"},{"fieldPath":"__name__","order":"DESCENDING"}],"state":"READY","density":"SPARSE_ALL"},{"name":"projects/carpoolconnect1-0/databases/(default)/collectionGroups/messages/indexes/CICAgJiUsZIJ","queryScope":"COLLECTION","fields":[{"fieldPath":"rideId","order":"ASCENDING"},{"fieldPath":"senderId","order":"ASCENDING"},{"fieldPath":"__name__","order":"ASCENDING"}],"state":"READY","density":"SPARSE_ALL"},{"name":"projects/carpoolconnect1-0/databases/(default)/collectionGroups/messages/indexes/CICAgPigw5IJ","queryScope":"COLLECTION","fields":[{"fieldPath":"rideId","order":"ASCENDING"},{"fieldPath":"timestamp","order":"DESCENDING"},{"fieldPath":"__name__","order":"DESCENDING"}],"state":"READY","density":"SPARSE_ALL"},{"name":"projects/carpoolconnect1-0/databases/(default)/collectionGroups/bookings/indexes/CICAgJiHlpgJ","queryScope":"COLLECTION","fields":[{"fieldPath":"driverId","order":"ASCENDING"},{"fieldPath":"createdAt","order":"DESCENDING"},{"fieldPath":"__name__","order":"DESCENDING"}],"state":"READY","density":"SPARSE_ALL"},{"name":"projects/carpoolconnect1-0/databases/(default)/collectionGroups/rides/indexes/CICAgLiT6IEK","queryScope":"COLLECTION","fields":[{"fieldPath":"driverId","order":"ASCENDING"},{"fieldPath":"createdAt","order":"DESCENDING"},{"fieldPath":"__name__","order":"DESCENDING"}],"state":"READY","density":"SPARSE_ALL"},{"name":"projects/carpoolconnect1-0/databases/(default)/collectionGroups/deliveries/indexes/CICAgOi3voUK","queryScope":"COLLECTION","fields":[{"fieldPath":"businessId","order":"ASCENDING"},{"fieldPath":"createdAt","order":"DESCENDING"},{"fieldPath":"__name__","order":"DESCENDING"}],"state":"READY","density":"SPARSE_ALL"},{"name":"projects/carpoolconnect1-0/databases/(default)/collectionGroups/reviews/indexes/CICAgNja0ogK","queryScope":"COLLECTION","fields":[{"fieldPath":"revieweeId","order":"ASCENDING"},{"fieldPath":"revieweeRole","order":"ASCENDING"},{"fieldPath":"createdAt","order":"DESCENDING"},{"fieldPath":"__name__","order":"DESCENDING"}],"state":"READY","density":"SPARSE_ALL"},{"name":"projects/carpoolconnect1-0/databases/(default)/collectionGroups/bookings/indexes/CICAgNiryokK","queryScope":"COLLECTION","fields":[{"fieldPath":"rideId","order":"ASCENDING"},{"fieldPath":"status","order":"ASCENDING"},{"fieldPath":"__name__","order":"ASCENDING"}],"state":"READY","density":"SPARSE_ALL"},{"name":"projects/carpoolconnect1-0/databases/(default)/collectionGroups/messages/indexes/CICAgLjRh4oK","queryScope":"COLLECTION","fields":[{"fieldPath":"participants","arrayConfig":"CONTAINS"},{"fieldPath":"senderId","order":"ASCENDING"},{"fieldPath":"__name__","order":"ASCENDING"}],"state":"READY","density":"SPARSE_ALL"},{"name":"projects/carpoolconnect1-0/databases/(default)/collectionGroups/messages/indexes/CICAgPigl4sK","queryScope":"COLLECTION","fields":[{"fieldPath":"participants","arrayConfig":"CONTAINS"},{"fieldPath":"rideId","order":"ASCENDING"},{"fieldPath":"senderId","order":"ASCENDING"},{"fieldPath":"__name__","order":"ASCENDING"}],"state":"READY","density":"SPARSE_ALL"},{"name":"projects/carpoolconnect1-0/databases/(default)/collectionGroups/messages/indexes/CICAgOi3040K","queryScope":"COLLECTION","fields":[{"fieldPath":"participants","arrayConfig":"CONTAINS"},{"fieldPath":"rideId","order":"ASCENDING"},{"fieldPath":"timestamp","order":"DESCENDING"},{"fieldPath":"__name__","order":"DESCENDING"}],"state":"READY","density":"SPARSE_ALL"},{"name":"projects/carpoolconnect1-0/databases/(default)/collectionGroups/rides/indexes/CICAgNirtJAK","queryScope":"COLLECTION","fields":[{"fieldPath":"departureTime","order":"ASCENDING"},{"fieldPath":"status","order":"ASCENDING"},{"fieldPath":"__name__","order":"ASCENDING"}],"state":"READY","density":"SPARSE_ALL"},{"name":"projects/carpoolconnect1-0/databases/(default)/collectionGroups/reviews/indexes/CICAgNjaxJEK","queryScope":"COLLECTION","fields":[{"fieldPath":"reviewerId","order":"ASCENDING"},{"fieldPath":"revieweeId","order":"ASCENDING"},{"fieldPath":"rideId","order":"ASCENDING"},{"fieldPath":"reviewerRole","order":"ASCENDING"},{"fieldPath":"__name__","order":"ASCENDING"}],"state":"READY","density":"SPARSE_ALL"},{"name":"projects/carpoolconnect1-0/databases/(default)/collectionGroups/safety_reports/indexes/CICAgLiIjZIK","queryScope":"COLLECTION","fields":[{"fieldPath":"reporterId","order":"ASCENDING"},{"fieldPath":"createdAt","order":"DESCENDING"},{"fieldPath":"__name__","order":"DESCENDING"}],"state":"READY","density":"SPARSE_ALL"},{"name":"projects/carpoolconnect1-0/databases/(default)/collectionGroups/bookings/indexes/CICAgJiUsZIK","queryScope":"COLLECTION","fields":[{"fieldPath":"rideId","order":"ASCENDING"},{"fieldPath":"riderId","order":"ASCENDING"},{"fieldPath":"status","order":"ASCENDING"},{"fieldPath":"__name__","order":"ASCENDING"}],"state":"READY","density":"SPARSE_ALL"},{"name":"projects/carpoolconnect1-0/databases/(default)/collectionGroups/rides/indexes/CICAgPigw5IK","queryScope":"COLLECTION","fields":[{"fieldPath":"status","order":"ASCENDING"},{"fieldPath":"departureTime","order":"ASCENDING"},{"fieldPath":"availableSeats","order":"ASCENDING"},{"fieldPath":"__name__","order":"ASCENDING"}],"state":"READY","density":"SPARSE_ALL"},{"name":"projects/carpoolconnect1-0/databases/(default)/collectionGroups/reviews/indexes/CICAgLjRnZMK","queryScope":"COLLECTION","fields":[{"fieldPath":"reviewerId","order":"ASCENDING"},{"fieldPath":"rideId","order":"ASCENDING"},{"fieldPath":"reviewerRole","order":"ASCENDING"},{"fieldPath":"__name__","order":"ASCENDING"}],"state":"READY","density":"SPARSE_ALL"},{"name":"projects/carpoolconnect1-0/databases/(default)/collectionGroups/bookings/indexes/CICAgJiHlpgK","queryScope":"COLLECTION","fields":[{"fieldPath":"riderId","order":"ASCENDING"},{"fieldPath":"createdAt","order":"DESCENDING"},{"fieldPath":"__name__","order":"DESCENDING"}],"state":"READY","density":"SPARSE_ALL"},{"name":"projects/carpoolconnect1-0/databases/(default)/collectionGroups/rides/indexes/CICAgOi36pgK","queryScope":"COLLECTION","fields":[{"fieldPath":"status","order":"ASCENDING"},{"fieldPath":"departureAt","order":"ASCENDING"},{"fieldPath":"__name__","order":"ASCENDING"}],"state":"READY","density":"SPARSE_ALL"},{"name":"projects/carpoolconnect1-0/databases/(default)/collectionGroups/delivery_messages/indexes/CICAgOi3voUL","queryScope":"COLLECTION","fields":[{"fieldPath":"deliveryId","order":"ASCENDING"},{"fieldPath":"timestamp","order":"DESCENDING"},{"fieldPath":"__name__","order":"DESCENDING"}],"state":"READY","density":"SPARSE_ALL"},{"name":"projects/carpoolconnect1-0/databases/(default)/collectionGroups/deliveries/indexes/CICAgNiryokL","queryScope":"COLLECTION","fields":[{"fieldPath":"driverId","order":"ASCENDING"},{"fieldPath":"createdAt","order":"DESCENDING"},{"fieldPath":"__name__","order":"DESCENDING"}],"state":"READY","density":"SPARSE_ALL"}]}
[debug] [2025-12-29T23:11:38.587Z] Checked if tokens are valid: true, expires at: 1767052827222
[debug] [2025-12-29T23:11:38.587Z] Checked if tokens are valid: true, expires at: 1767052827222
[debug] [2025-12-29T23:11:38.587Z] >>> [apiv2][query] GET https://firestore.googleapis.com/v1/projects/carpoolconnect1-0/databases/(default)/collectionGroups/-/fields?filter=indexConfig.usesAncestorConfig=false OR ttlConfig:* [none]
[debug] [2025-12-29T23:11:38.786Z] <<< [apiv2][status] GET https://firestore.googleapis.com/v1/projects/carpoolconnect1-0/databases/(default)/collectionGroups/-/fields?filter=indexConfig.usesAncestorConfig=false OR ttlConfig:* 200
[debug] [2025-12-29T23:11:38.786Z] <<< [apiv2][body] GET https://firestore.googleapis.com/v1/projects/carpoolconnect1-0/databases/(default)/collectionGroups/-/fields?filter=indexConfig.usesAncestorConfig=false OR ttlConfig:* {"fields":[{"name":"projects/carpoolconnect1-0/databases/(default)/collectionGroups/__default__/fields/*","indexConfig":{"indexes":[{"queryScope":"COLLECTION","fields":[{"fieldPath":"*","order":"ASCENDING"}],"state":"READY"},{"queryScope":"COLLECTION","fields":[{"fieldPath":"*","order":"DESCENDING"}],"state":"READY"},{"queryScope":"COLLECTION","fields":[{"fieldPath":"*","arrayConfig":"CONTAINS"}],"state":"READY"}]}}]}
[info] i  firestore: The following indexes are defined in your project but are not present in your firestore indexes file:
	(messages) -- (participants,CONTAINS) (senderId,ASCENDING)  
